

Started GET "/" for ::1 at 2016-02-21 03:15:13 -0500

ActiveRecord::PendingMigrationError (

Migrations are pending. To resolve this issue, run:

	bin/rake db:migrate RAILS_ENV=development

):
  activerecord (4.2.2) lib/active_record/migration.rb:393:in `check_pending!'
  activerecord (4.2.2) lib/active_record/migration.rb:374:in `call'
  actionpack (4.2.2) lib/action_dispatch/middleware/callbacks.rb:29:in `block in call'
  activesupport (4.2.2) lib/active_support/callbacks.rb:88:in `call'
  activesupport (4.2.2) lib/active_support/callbacks.rb:88:in `_run_callbacks'
  activesupport (4.2.2) lib/active_support/callbacks.rb:776:in `_run_call_callbacks'
  activesupport (4.2.2) lib/active_support/callbacks.rb:81:in `run_callbacks'
  actionpack (4.2.2) lib/action_dispatch/middleware/callbacks.rb:27:in `call'
  actionpack (4.2.2) lib/action_dispatch/middleware/reloader.rb:73:in `call'
  actionpack (4.2.2) lib/action_dispatch/middleware/remote_ip.rb:78:in `call'
  web-console (2.0.0.beta3) lib/action_dispatch/debug_exceptions.rb:18:in `middleware_call'
  web-console (2.0.0.beta3) lib/action_dispatch/debug_exceptions.rb:13:in `call'
  actionpack (4.2.2) lib/action_dispatch/middleware/show_exceptions.rb:30:in `call'
  railties (4.2.2) lib/rails/rack/logger.rb:38:in `call_app'
  railties (4.2.2) lib/rails/rack/logger.rb:20:in `block in call'
  activesupport (4.2.2) lib/active_support/tagged_logging.rb:68:in `block in tagged'
  activesupport (4.2.2) lib/active_support/tagged_logging.rb:26:in `tagged'
  activesupport (4.2.2) lib/active_support/tagged_logging.rb:68:in `tagged'
  railties (4.2.2) lib/rails/rack/logger.rb:20:in `call'
  actionpack (4.2.2) lib/action_dispatch/middleware/request_id.rb:21:in `call'
  rack (1.6.4) lib/rack/methodoverride.rb:22:in `call'
  rack (1.6.4) lib/rack/runtime.rb:18:in `call'
  activesupport (4.2.2) lib/active_support/cache/strategy/local_cache_middleware.rb:28:in `call'
  rack (1.6.4) lib/rack/lock.rb:17:in `call'
  actionpack (4.2.2) lib/action_dispatch/middleware/static.rb:113:in `call'
  rack (1.6.4) lib/rack/sendfile.rb:113:in `call'
  railties (4.2.2) lib/rails/engine.rb:518:in `call'
  railties (4.2.2) lib/rails/application.rb:164:in `call'
  rack (1.6.4) lib/rack/content_length.rb:15:in `call'
  puma (2.11.1) lib/puma/server.rb:507:in `handle_request'
  puma (2.11.1) lib/puma/server.rb:375:in `process_client'
  puma (2.11.1) lib/puma/server.rb:262:in `block in run'
  puma (2.11.1) lib/puma/thread_pool.rb:104:in `call'
  puma (2.11.1) lib/puma/thread_pool.rb:104:in `block in spawn_thread'


  Rendered /usr/local/lib/ruby/gems/2.1.0/gems/web-console-2.0.0.beta3/lib/action_dispatch/templates/rescues/_source.erb (2.6ms)
  Rendered /usr/local/lib/ruby/gems/2.1.0/gems/web-console-2.0.0.beta3/lib/action_dispatch/templates/rescues/_trace.html.erb (1.4ms)
  Rendered /usr/local/lib/ruby/gems/2.1.0/gems/web-console-2.0.0.beta3/lib/action_dispatch/templates/rescues/_request_and_response.html.erb (0.9ms)
  Rendered /usr/local/lib/ruby/gems/2.1.0/gems/web-console-2.0.0.beta3/lib/action_dispatch/templates/rescues/_web_console.html.erb (0.8ms)
  Rendered /usr/local/lib/ruby/gems/2.1.0/gems/web-console-2.0.0.beta3/lib/action_dispatch/templates/rescues/diagnostics.html.erb within rescues/layout (41.3ms)
  [1m[36m (2.7ms)[0m  [1mCREATE TABLE "schema_migrations" ("version" varchar NOT NULL) [0m
  [1m[35m (0.1ms)[0m  select sqlite_version(*)
  [1m[36m (3.1ms)[0m  [1mCREATE UNIQUE INDEX "unique_schema_migrations" ON "schema_migrations" ("version")[0m
  [1m[35mActiveRecord::SchemaMigration Load (0.1ms)[0m  SELECT "schema_migrations".* FROM "schema_migrations"
Migrating to CreateUsers (20160123032043)
  [1m[36m (0.1ms)[0m  [1mbegin transaction[0m
  [1m[35m (0.4ms)[0m  CREATE TABLE "users" ("id" INTEGER PRIMARY KEY AUTOINCREMENT NOT NULL, "name" varchar, "email" varchar, "created_at" datetime NOT NULL, "updated_at" datetime NOT NULL) 
  [1m[36mSQL (0.2ms)[0m  [1mINSERT INTO "schema_migrations" ("version") VALUES (?)[0m  [["version", "20160123032043"]]
  [1m[35m (5.0ms)[0m  commit transaction
Migrating to AddIndexToUsersEmail (20160123062050)
  [1m[36m (0.1ms)[0m  [1mbegin transaction[0m
  [1m[35m (0.3ms)[0m  CREATE UNIQUE INDEX "index_users_on_email" ON "users" ("email")
  [1m[36mSQL (0.1ms)[0m  [1mINSERT INTO "schema_migrations" ("version") VALUES (?)[0m  [["version", "20160123062050"]]
  [1m[35m (4.2ms)[0m  commit transaction
Migrating to AddPasswordDigestToUsers (20160123063436)
  [1m[36m (0.1ms)[0m  [1mbegin transaction[0m
  [1m[35m (0.6ms)[0m  ALTER TABLE "users" ADD "password_digest" varchar
  [1m[36mSQL (0.1ms)[0m  [1mINSERT INTO "schema_migrations" ("version") VALUES (?)[0m  [["version", "20160123063436"]]
  [1m[35m (3.8ms)[0m  commit transaction
Migrating to AddRememberDigestToUsers (20160129054533)
  [1m[36m (0.1ms)[0m  [1mbegin transaction[0m
  [1m[35m (0.4ms)[0m  ALTER TABLE "users" ADD "remember_digest" varchar
  [1m[36mSQL (0.1ms)[0m  [1mINSERT INTO "schema_migrations" ("version") VALUES (?)[0m  [["version", "20160129054533"]]
  [1m[35m (4.0ms)[0m  commit transaction
Migrating to AddAdminToUsers (20160201190640)
  [1m[36m (0.1ms)[0m  [1mbegin transaction[0m
  [1m[35m (0.4ms)[0m  ALTER TABLE "users" ADD "admin" boolean DEFAULT 'f'
  [1m[36mSQL (0.1ms)[0m  [1mINSERT INTO "schema_migrations" ("version") VALUES (?)[0m  [["version", "20160201190640"]]
  [1m[35m (4.3ms)[0m  commit transaction
Migrating to AddActivationToUsers (20160204051928)
  [1m[36m (0.1ms)[0m  [1mbegin transaction[0m
  [1m[35m (0.4ms)[0m  ALTER TABLE "users" ADD "activation_digest" varchar
  [1m[36m (0.1ms)[0m  [1mALTER TABLE "users" ADD "activated" boolean DEFAULT 'f'[0m
  [1m[35m (0.1ms)[0m  ALTER TABLE "users" ADD "activated_at" datetime
  [1m[36mSQL (0.1ms)[0m  [1mINSERT INTO "schema_migrations" ("version") VALUES (?)[0m  [["version", "20160204051928"]]
  [1m[35m (4.5ms)[0m  commit transaction
Migrating to AddResetToUsers (20160210080001)
  [1m[36m (0.1ms)[0m  [1mbegin transaction[0m
  [1m[35m (0.7ms)[0m  ALTER TABLE "users" ADD "reset_digest" varchar
  [1m[36m (0.2ms)[0m  [1mALTER TABLE "users" ADD "reset_sent_at" datetime[0m
  [1m[35mSQL (0.1ms)[0m  INSERT INTO "schema_migrations" ("version") VALUES (?)  [["version", "20160210080001"]]
  [1m[36m (4.3ms)[0m  [1mcommit transaction[0m
Migrating to CreateWorkouts (20160217011523)
  [1m[35m (0.1ms)[0m  begin transaction
  [1m[36m (0.4ms)[0m  [1mCREATE TABLE "workouts" ("id" INTEGER PRIMARY KEY AUTOINCREMENT NOT NULL, "exercise1" text, "exercise2" text, "exercise3" text, "exercise4" text, "exercise5" text, "exercise6" text, "day" datetime, "tag" varchar, "user_id" integer, "created_at" datetime NOT NULL, "updated_at" datetime NOT NULL) [0m
  [1m[35m (0.1ms)[0m  CREATE  INDEX "index_workouts_on_user_id" ON "workouts" ("user_id")
  [1m[36m (0.1ms)[0m  [1m            SELECT sql
            FROM sqlite_master
            WHERE name='index_workouts_on_user_id' AND type='index'
            UNION ALL
            SELECT sql
            FROM sqlite_temp_master
            WHERE name='index_workouts_on_user_id' AND type='index'
[0m
  [1m[35m (0.1ms)[0m  CREATE  INDEX "index_workouts_on_user_id_and_created_at" ON "workouts" ("user_id", "created_at")
  [1m[36mSQL (0.1ms)[0m  [1mINSERT INTO "schema_migrations" ("version") VALUES (?)[0m  [["version", "20160217011523"]]
  [1m[35m (5.0ms)[0m  commit transaction
Migrating to CreateRelationships (20160219200352)
  [1m[36m (0.1ms)[0m  [1mbegin transaction[0m
  [1m[35m (0.4ms)[0m  CREATE TABLE "relationships" ("id" INTEGER PRIMARY KEY AUTOINCREMENT NOT NULL, "follower_id" integer, "followed_id" integer, "created_at" datetime NOT NULL, "updated_at" datetime NOT NULL) 
  [1m[36m (0.1ms)[0m  [1mCREATE  INDEX "index_relationships_on_follower_id" ON "relationships" ("follower_id")[0m
  [1m[35m (0.1ms)[0m              SELECT sql
            FROM sqlite_master
            WHERE name='index_relationships_on_follower_id' AND type='index'
            UNION ALL
            SELECT sql
            FROM sqlite_temp_master
            WHERE name='index_relationships_on_follower_id' AND type='index'

  [1m[36m (0.1ms)[0m  [1mCREATE  INDEX "index_relationships_on_followed_id" ON "relationships" ("followed_id")[0m
  [1m[35m (0.1ms)[0m              SELECT sql
            FROM sqlite_master
            WHERE name='index_relationships_on_followed_id' AND type='index'
            UNION ALL
            SELECT sql
            FROM sqlite_temp_master
            WHERE name='index_relationships_on_followed_id' AND type='index'

  [1m[36m (0.0ms)[0m  [1m            SELECT sql
            FROM sqlite_master
            WHERE name='index_relationships_on_follower_id' AND type='index'
            UNION ALL
            SELECT sql
            FROM sqlite_temp_master
            WHERE name='index_relationships_on_follower_id' AND type='index'
[0m
  [1m[35m (1.0ms)[0m  CREATE UNIQUE INDEX "index_relationships_on_follower_id_and_followed_id" ON "relationships" ("follower_id", "followed_id")
  [1m[36mSQL (0.1ms)[0m  [1mINSERT INTO "schema_migrations" ("version") VALUES (?)[0m  [["version", "20160219200352"]]
  [1m[35m (10.6ms)[0m  commit transaction
  [1m[36mActiveRecord::SchemaMigration Load (0.1ms)[0m  [1mSELECT "schema_migrations".* FROM "schema_migrations"[0m
  [1m[35m (0.1ms)[0m              SELECT sql
            FROM sqlite_master
            WHERE name='index_relationships_on_follower_id_and_followed_id' AND type='index'
            UNION ALL
            SELECT sql
            FROM sqlite_temp_master
            WHERE name='index_relationships_on_follower_id_and_followed_id' AND type='index'

  [1m[36m (0.1ms)[0m  [1m            SELECT sql
            FROM sqlite_master
            WHERE name='index_relationships_on_followed_id' AND type='index'
            UNION ALL
            SELECT sql
            FROM sqlite_temp_master
            WHERE name='index_relationships_on_followed_id' AND type='index'
[0m
  [1m[35m (0.1ms)[0m              SELECT sql
            FROM sqlite_master
            WHERE name='index_relationships_on_follower_id' AND type='index'
            UNION ALL
            SELECT sql
            FROM sqlite_temp_master
            WHERE name='index_relationships_on_follower_id' AND type='index'

  [1m[36m (0.1ms)[0m  [1m            SELECT sql
            FROM sqlite_master
            WHERE name='index_users_on_email' AND type='index'
            UNION ALL
            SELECT sql
            FROM sqlite_temp_master
            WHERE name='index_users_on_email' AND type='index'
[0m
  [1m[35m (0.1ms)[0m              SELECT sql
            FROM sqlite_master
            WHERE name='index_workouts_on_user_id_and_created_at' AND type='index'
            UNION ALL
            SELECT sql
            FROM sqlite_temp_master
            WHERE name='index_workouts_on_user_id_and_created_at' AND type='index'

  [1m[36m (0.1ms)[0m  [1m            SELECT sql
            FROM sqlite_master
            WHERE name='index_workouts_on_user_id' AND type='index'
            UNION ALL
            SELECT sql
            FROM sqlite_temp_master
            WHERE name='index_workouts_on_user_id' AND type='index'
[0m


Started GET "/" for ::1 at 2016-02-21 03:16:00 -0500
  [1m[36mActiveRecord::SchemaMigration Load (0.1ms)[0m  [1mSELECT "schema_migrations".* FROM "schema_migrations"[0m
Processing by StaticPagesController#home as HTML
  Rendered static_pages/home.html.erb within layouts/application (2.3ms)
  Rendered layouts/_shim.html.erb (0.7ms)
  Rendered layouts/_header.html.erb (1.1ms)
  Rendered layouts/_footer.html.erb (0.4ms)
Completed 200 OK in 6901ms (Views: 6875.8ms | ActiveRecord: 0.0ms)


Started GET "/assets/account_activations.self-e3b0c44298fc1c149afbf4c8996fb92427ae41e4649b934ca495991b7852b855.css?body=1" for ::1 at 2016-02-21 03:16:08 -0500


Started GET "/assets/password_resets.self-e3b0c44298fc1c149afbf4c8996fb92427ae41e4649b934ca495991b7852b855.css?body=1" for ::1 at 2016-02-21 03:16:08 -0500


Started GET "/assets/relationships.self-e3b0c44298fc1c149afbf4c8996fb92427ae41e4649b934ca495991b7852b855.css?body=1" for ::1 at 2016-02-21 03:16:08 -0500


Started GET "/assets/sessions.self-e3b0c44298fc1c149afbf4c8996fb92427ae41e4649b934ca495991b7852b855.css?body=1" for ::1 at 2016-02-21 03:16:08 -0500


Started GET "/assets/styles.self-041fbe9077d09650ce021171c2f0aa96625ec90989165fa4f8b3afa02766c26c.css?body=1" for ::1 at 2016-02-21 03:16:08 -0500


Started GET "/assets/users.self-e3b0c44298fc1c149afbf4c8996fb92427ae41e4649b934ca495991b7852b855.css?body=1" for ::1 at 2016-02-21 03:16:08 -0500


Started GET "/assets/workouts.self-e3b0c44298fc1c149afbf4c8996fb92427ae41e4649b934ca495991b7852b855.css?body=1" for ::1 at 2016-02-21 03:16:08 -0500


Started GET "/assets/application.self-e80e8f2318043e8af94dddc2adad5a4f09739a8ebb323b3ab31cd71d45fd9113.css?body=1" for ::1 at 2016-02-21 03:16:08 -0500


Started GET "/assets/account_activations.self-877aef30ae1b040ab8a3aba4e3e309a11d7f2612f44dde450b5c157aa5f95c05.js?body=1" for ::1 at 2016-02-21 03:16:08 -0500


Started GET "/assets/password_resets.self-877aef30ae1b040ab8a3aba4e3e309a11d7f2612f44dde450b5c157aa5f95c05.js?body=1" for ::1 at 2016-02-21 03:16:08 -0500


Started GET "/assets/relationships.self-877aef30ae1b040ab8a3aba4e3e309a11d7f2612f44dde450b5c157aa5f95c05.js?body=1" for ::1 at 2016-02-21 03:16:08 -0500


Started GET "/assets/sessions.self-877aef30ae1b040ab8a3aba4e3e309a11d7f2612f44dde450b5c157aa5f95c05.js?body=1" for ::1 at 2016-02-21 03:16:08 -0500


Started GET "/assets/users.self-877aef30ae1b040ab8a3aba4e3e309a11d7f2612f44dde450b5c157aa5f95c05.js?body=1" for ::1 at 2016-02-21 03:16:08 -0500


Started GET "/assets/workouts.self-877aef30ae1b040ab8a3aba4e3e309a11d7f2612f44dde450b5c157aa5f95c05.js?body=1" for ::1 at 2016-02-21 03:16:08 -0500


Started GET "/assets/application.self-f8806224e027f3e3f0138ea9ce99319e298dfdb323304d1f1be6eae8e8c74724.js?body=1" for ::1 at 2016-02-21 03:16:08 -0500


Started GET "/login" for ::1 at 2016-02-21 03:16:12 -0500
Processing by SessionsController#new as HTML
  Rendered sessions/new.html.erb within layouts/application (521.3ms)
  Rendered layouts/_shim.html.erb (0.6ms)
  Rendered layouts/_header.html.erb (1.6ms)
  Rendered layouts/_footer.html.erb (0.8ms)
Completed 200 OK in 759ms (Views: 758.6ms | ActiveRecord: 0.0ms)


Started POST "/login" for ::1 at 2016-02-21 03:16:22 -0500
Processing by SessionsController#create as HTML
  Parameters: {"utf8"=>"✓", "authenticity_token"=>"jBAMSyYt1iZ7hPxUrd8uQC015YQS1dbES7XvhhL6aC9ivNPKxYzAsQYMadJDzSOKWBSCiA/LnmqH3rAkEcFvGw==", "session"=>{"email"=>"example@railstutorial.org", "password"=>"[FILTERED]", "remember_me"=>"0"}, "commit"=>"Log in"}
  [1m[35mUser Load (0.3ms)[0m  SELECT  "users".* FROM "users" WHERE "users"."email" = ? LIMIT 1  [["email", "example@railstutorial.org"]]
  Rendered sessions/new.html.erb within layouts/application (1.8ms)
  Rendered layouts/_shim.html.erb (0.1ms)
  Rendered layouts/_header.html.erb (0.3ms)
  Rendered layouts/_footer.html.erb (0.0ms)
Completed 200 OK in 148ms (Views: 80.8ms | ActiveRecord: 0.5ms)
  [1m[36m (0.3ms)[0m  [1mSELECT COUNT(*) FROM "users"[0m
